Arguments: 
  D:\Program Files\nodejs\node.exe C:\Users\jeffk\AppData\Roaming\npm\node_modules\yarn\bin\yarn.js init

PATH: 
  C:\Program Files\Microsoft\jdk-11.0.16.101-hotspot\bin;C:\Program Files\NVIDIA GPU Computing Toolkit\CUDA\v10.2\bin;C:\Program Files\NVIDIA GPU Computing Toolkit\CUDA\v10.2\libnvvp;C:\Program Files\NVIDIA GPU Computing Toolkit\CUDA\v11.4\bin;C:\Program Files\NVIDIA GPU Computing Toolkit\CUDA\v11.4\libnvvp;C:\Program Files\AdoptOpenJDK\jdk-11.0.8.10-hotspot\bin;C:\Windows\system32;C:\Windows;C:\Windows\System32\Wbem;C:\Windows\System32\WindowsPowerShell\v1.0\;C:\Windows\System32\OpenSSH\;C:\Program Files (x86)\NVIDIA Corporation\PhysX\Common;C:\Program Files\NVIDIA Corporation\NVIDIA NvDLISR;C:\Program Files\Git\cmd;C:\rtools40\usr\bin;D:\Programs\Julia 1.5.2\bin\julia.exe;C:\Program Files\MiKTeX\miktex\bin\x64\;C:\WINDOWS\system32;C:\WINDOWS;C:\WINDOWS\System32\Wbem;C:\WINDOWS\System32\WindowsPowerShell\v1.0\;C:\WINDOWS\System32\OpenSSH\;C:\Program Files\CMake\bin;C:\Program Files\dotnet\;C:\Program Files\NVIDIA Corporation\Nsight Compute 2019.5.0\;C:\Program Files\Microsoft SQL Server\Client SDK\ODBC\170\Tools\Binn\;C:\Program Files (x86)\Microsoft SQL Server\150\Tools\Binn\;C:\Program Files\Microsoft SQL Server\150\Tools\Binn\;C:\Program Files\Microsoft SQL Server\150\DTS\Binn\;C:\Users\jeffk\anaconda3\Scripts;;C:\WINDOWS\system32;C:\WINDOWS;C:\WINDOWS\System32\Wbem;C:\WINDOWS\System32\WindowsPowerShell\v1.0\;C:\WINDOWS\System32\OpenSSH\;C:\Program Files\PuTTY\;C:\Program Files\Docker\Docker\resources\bin;D:\Program Files\nodejs\;C:\Users\jeffk\AppData\Local\Microsoft\WindowsApps;C:\Users\jeffk\AppData\Local\atom\bin;C:\Users\jeffk\AppData\Local\Programs\Microsoft VS Code\bin;C:\Program Files\NVIDIA GPU Computing Toolkit\CUDA\v10.2\bin;D:\cygwin64\bin;C:\Users\jeffk\.dotnet\tools;D:\Program Files\ffmpeg\bin;C:\Program Files\heroku\bin;C:\Users\jeffk\AppData\Local\JetBrains\Toolbox\scripts;c:\users\jeffk\.local\bin;c:\users\jeffk\appdata\roaming\python\python39\scripts;C:\Users\jeffk\AppData\Local\Microsoft\WindowsApps;C:\Users\jeffk\.dotnet\tools;C:\Users\jeffk\AppData\Roaming\npm;D:\Projects\HPRU\Shingrix\HPRU_HZQoL\app\node_modules\.bin

Yarn version: 
  1.22.18

Node version: 
  20.18.0

Platform: 
  win32 x64

Trace: 
  Error: canceled
      at Interface.<anonymous> (C:\Users\jeffk\AppData\Roaming\npm\node_modules\yarn\lib\cli.js:137143:13)
      at Interface.emit (node:events:519:28)
      at [_ttyWrite] [as _ttyWrite] (node:internal/readline/interface:1126:18)
      at ReadStream.onkeypress (node:internal/readline/interface:265:20)
      at ReadStream.emit (node:events:519:28)
      at emitKeys (node:internal/readline/utils:371:14)
      at emitKeys.next (<anonymous>)
      at ReadStream.onData (node:internal/readline/emitKeypressEvents:64:36)
      at ReadStream.emit (node:events:519:28)
      at addChunk (node:internal/streams/readable:559:12)

npm manifest: 
  {
    "name": "app",
    "version": "0.0.1",
    "description": "",
    "main": "index.js",
    "authors": {
      "name": "HRQoL",
      "email": "chu-chang.ku@lshtm.ac.uk"
    },
    "repository": "/app",
    "scripts": {
      "dev": "vuepress dev src",
      "build": "vuepress build src"
    },
    "license": "MIT",
    "devDependencies": {
      "vuepress": "^1.5.3"
    }
  }

yarn manifest: 
  No manifest

Lockfile: 
  No lockfile
